<?xml version="1.0" encoding="UTF-8"?>
<!-- Generated by org.testng.reporters.JUnitReportReporter -->
<testsuite hostname="Puneeth" failures="0" tests="1" name="Org.Test.TestCases.TC2_GetAllRequest" time="0.067" errors="0" timestamp="2022-12-27T16:01:59 IST" skipped="0">
  <testcase classname="Org.Test.TestCases.TC2_GetAllRequest" name="testCase2" time="0.067"/>
  <system-out/>
</testsuite> <!-- Org.Test.TestCases.TC2_GetAllRequest -->
