<?xml version="1.0" encoding="UTF-8"?>
<!-- Generated by org.testng.reporters.JUnitReportReporter -->
<testsuite hostname="Puneeth" failures="0" tests="1" name="Org.Test.TestCases.TC1_PostRequest" time="2.256" errors="0" timestamp="2022-12-27T16:01:59 IST" skipped="0">
  <testcase classname="Org.Test.TestCases.TC1_PostRequest" name="testCase1" time="2.256"/>
  <system-out/>
</testsuite> <!-- Org.Test.TestCases.TC1_PostRequest -->
