<?xml version="1.0" encoding="UTF-8"?>
<!-- Generated by org.testng.reporters.JUnitReportReporter -->
<testsuite hostname="Puneeth" failures="0" tests="1" name="Org.Test.Trigger.Runner" time="2.313" errors="0" timestamp="2022-12-27T15:49:06 IST" skipped="0">
  <testcase classname="Org.Test.Trigger.Runner" name="testCasesExecution" time="2.313"/>
  <system-out/>
</testsuite> <!-- Org.Test.Trigger.Runner -->
