<?xml version="1.0" encoding="UTF-8"?>
<!-- Generated by org.testng.reporters.JUnitReportReporter -->
<testsuite hostname="Puneeth" failures="0" tests="1" name="Org.Test.TestCases.TC4_PutRequest" time="0.077" errors="0" timestamp="2022-12-27T16:01:59 IST" skipped="0">
  <testcase classname="Org.Test.TestCases.TC4_PutRequest" name="testcase4" time="0.077"/>
  <system-out/>
</testsuite> <!-- Org.Test.TestCases.TC4_PutRequest -->
