<?xml version="1.0" encoding="UTF-8"?>
<!-- Generated by org.testng.reporters.JUnitReportReporter -->
<testsuite hostname="Puneeth" failures="0" tests="1" name="Org.Test.TestCases.TC5_DeleteRequest" time="0.059" errors="0" timestamp="2022-12-27T16:01:59 IST" skipped="0">
  <testcase classname="Org.Test.TestCases.TC5_DeleteRequest" name="testcase5" time="0.059"/>
  <system-out/>
</testsuite> <!-- Org.Test.TestCases.TC5_DeleteRequest -->
